<?xml version="1.0" encoding="UTF-8" ?>
<testsuite tests="3" failures="0" name="com.sats.caching.extern.CacheBucketTest" time="0.012" errors="0" skipped="0">
  <properties>
[...]
</properties>
  <testcase classname="com.sats.caching.extern.CacheBucketTest" name="com.sats.caching.extern.CacheBucketTest.testCacheController" time="0.002"/>
  <testcase classname="com.sats.caching.extern.CacheBucketTest" name="com.sats.caching.extern.CacheBucketTest.testCacheControllerWithTimeLimit" time="0.006"/>
  <testcase classname="com.sats.caching.extern.CacheBucketTest" name="com.sats.caching.extern.CacheBucketTest.testSetCache" time="0.004"/>
</testsuite>